<?xml version="1.0" encoding="UTF-8"?>
<!-- Generated by org.testng.reporters.JUnitReportReporter -->
<testsuite hostname="LAPTOP-QLN7PI00" failures="0" tests="1" name="testCases.TC001_AccountCreation" time="14.954" errors="0" timestamp="2024-12-04T18:18:43 IST" skipped="0">
  <testcase classname="testCases.TC001_AccountCreation" name="verify_userAccount_creation" time="14.954"/>
</testsuite> <!-- testCases.TC001_AccountCreation -->
