<?xml version="1.0" encoding="UTF-8"?>
<!-- Generated by org.testng.reporters.JUnitReportReporter -->
<testsuite hostname="LAPTOP-QLN7PI00" failures="0" tests="1" name="testCases.TC003_Add_Products_To_Carts_Test" time="31.106" errors="0" timestamp="2024-12-09T18:55:08 IST" skipped="0">
  <testcase classname="testCases.TC003_Add_Products_To_Carts_Test" name="Verify_Add_Item_T0_Carts" time="31.106"/>
</testsuite> <!-- testCases.TC003_Add_Products_To_Carts_Test -->
