<?xml version="1.0" encoding="UTF-8"?>
<!-- Generated by org.testng.reporters.JUnitReportReporter -->
<testsuite hostname="LAPTOP-QLN7PI00" failures="0" tests="1" name="testCases.TC002_Login_Test" time="10.400" errors="0" timestamp="2024-12-09T18:55:08 IST" skipped="0">
  <testcase classname="testCases.TC002_Login_Test" name="Verify_Login" time="10.400"/>
</testsuite> <!-- testCases.TC002_Login_Test -->
