<?xml version="1.0" encoding="UTF-8"?>
<!-- Generated by org.testng.reporters.JUnitReportReporter -->
<testsuite hostname="LAPTOP-QLN7PI00" failures="0" tests="1" name="testCases.TC005_End_To_End_Test" time="81.851" errors="0" timestamp="2024-12-09T18:55:08 IST" skipped="0">
  <testcase classname="testCases.TC005_End_To_End_Test" name="Verify_CreateRegister_And_PlaceOrder" time="81.851"/>
</testsuite> <!-- testCases.TC005_End_To_End_Test -->
