<?xml version="1.0" encoding="UTF-8"?>
<!-- Generated by org.testng.reporters.JUnitReportReporter -->
<testsuite hostname="LAPTOP-QLN7PI00" failures="0" tests="1" name="testCases.TC003_Add_Products_To_Carts" time="20.527" errors="0" timestamp="2024-12-04T19:45:41 IST" skipped="0">
  <testcase classname="testCases.TC003_Add_Products_To_Carts" name="Verify_Add_Item_T0_Carts" time="20.527"/>
</testsuite> <!-- testCases.TC003_Add_Products_To_Carts -->
