<?xml version="1.0" encoding="UTF-8"?>
<!-- Generated by org.testng.reporters.JUnitReportReporter -->
<testsuite hostname="LAPTOP-QLN7PI00" failures="0" tests="1" name="testCases.TC001_AccountCreation_Test" time="13.738" errors="0" timestamp="2024-12-09T18:55:08 IST" skipped="0">
  <testcase classname="testCases.TC001_AccountCreation_Test" name="verify_userAccount_creation" time="13.738"/>
</testsuite> <!-- testCases.TC001_AccountCreation_Test -->
