<?xml version="1.0" encoding="UTF-8"?>
<!-- Generated by org.testng.reporters.JUnitReportReporter -->
<testsuite hostname="LAPTOP-QLN7PI00" failures="0" tests="1" name="testCases.TC003_Online_Payment_Test" time="51.931" errors="0" timestamp="2024-12-04T20:27:20 IST" skipped="0">
  <testcase classname="testCases.TC003_Online_Payment_Test" name="Verify_Online_Transcation_Details" time="51.931"/>
</testsuite> <!-- testCases.TC003_Online_Payment_Test -->
