<?xml version="1.0" encoding="UTF-8"?>
<!-- Generated by org.testng.reporters.JUnitReportReporter -->
<testsuite hostname="LAPTOP-QLN7PI00" failures="0" tests="1" name="testCases.TC004_Online_Payment_Test" time="32.168" errors="0" timestamp="2024-12-09T18:55:08 IST" skipped="0">
  <testcase classname="testCases.TC004_Online_Payment_Test" name="Verify_Online_Transcation_Details" time="32.168"/>
</testsuite> <!-- testCases.TC004_Online_Payment_Test -->
